<?xml version="1.0" encoding="UTF-8"?>
<testng-results ignored="0" total="1" passed="1" failed="0" skipped="0">
  <reporter-output>
  </reporter-output>
  <suite started-at="2025-06-18T23:53:47 IST" name="Suite" finished-at="2025-06-18T23:53:48 IST" duration-ms="101">
    <groups>
    </groups>
    <test started-at="2025-06-18T23:53:47 IST" name="Test" finished-at="2025-06-18T23:53:48 IST" duration-ms="101">
      <class name="com.jen.jentest.New">
        <test-method signature="test1()[pri:0, instance:com.jen.jentest.New@5bf0d49]" started-at="2025-06-18T23:53:47 IST" name="test1" finished-at="2025-06-18T23:53:47 IST" duration-ms="14" status="PASS">
          <reporter-output>
          </reporter-output>
        </test-method> <!-- test1 -->
      </class> <!-- com.jen.jentest.New -->
    </test> <!-- Test -->
  </suite> <!-- Suite -->
</testng-results>
