<?xml version="1.0" encoding="UTF-8"?>
<testng-results ignored="0" total="1" passed="1" failed="0" skipped="0">
  <reporter-output>
  </reporter-output>
  <suite started-at="2025-06-19T10:28:00 IST" name="Default suite" finished-at="2025-06-19T10:28:02 IST" duration-ms="1963">
    <groups>
    </groups>
    <test started-at="2025-06-19T10:28:00 IST" name="Default test" finished-at="2025-06-19T10:28:02 IST" duration-ms="1963">
      <class name="com.jen.jentest.New">
        <test-method signature="test1()[pri:0, instance:com.jen.jentest.New@206a70ef]" started-at="2025-06-19T10:28:00 IST" name="test1" finished-at="2025-06-19T10:28:02 IST" duration-ms="1903" status="PASS">
          <reporter-output>
          </reporter-output>
        </test-method> <!-- test1 -->
      </class> <!-- com.jen.jentest.New -->
    </test> <!-- Default test -->
  </suite> <!-- Default suite -->
</testng-results>
